{
  "stats": {
    "suites": 1,
    "tests": 1,
    "passes": 1,
    "pending": 0,
    "failures": 0,
    "start": "2023-11-09T02:55:46.120Z",
    "end": "2023-11-09T02:56:17.143Z",
    "duration": 31023,
    "testsRegistered": 1,
    "passPercent": 100,
    "pendingPercent": 0,
    "other": 0,
    "hasOther": false,
    "skipped": 0,
    "hasSkipped": false
  },
  "results": [
    {
      "uuid": "a7961fdf-ecae-4b17-ba41-b57675529516",
      "title": "",
      "fullFile": "cypress\\e2e\\addtocart.cy.js",
      "file": "cypress\\e2e\\addtocart.cy.js",
      "beforeHooks": [],
      "afterHooks": [],
      "tests": [],
      "suites": [
        {
          "uuid": "53826d6c-525a-4c42-9be3-c5cc29812cda",
          "title": "Add To Cart Product",
          "fullFile": "",
          "file": "",
          "beforeHooks": [],
          "afterHooks": [],
          "tests": [
            {
              "title": "Adding Product to Cart",
              "fullTitle": "Add To Cart Product Adding Product to Cart",
              "timedOut": null,
              "duration": 30940,
              "state": "passed",
              "speed": "slow",
              "pass": true,
              "fail": false,
              "pending": false,
              "context": "\"assets/addtocart.cy.js/Add To Cart Product -- Adding Product to Cart.png\"",
              "code": "cy.xpath(\"//button[@id='add-to-cart-sauce-labs-backpack']\").click();\ncy.wait(3000);\ncy.xpath(\"//a[@class='shopping_cart_link']\").click();\ncy.wait(3000);\ncy.xpath(\"//div[@class='inventory_item_name']\").should('have.text', \"Sauce Labs Backpack\");\ncy.screenshot();\ncy.wait(5000);",
              "err": {},
              "uuid": "3d2251f9-5b51-4df7-93f6-71ccd8de29e8",
              "parentUUID": "53826d6c-525a-4c42-9be3-c5cc29812cda",
              "isHook": false,
              "skipped": false
            }
          ],
          "suites": [],
          "passes": [
            "3d2251f9-5b51-4df7-93f6-71ccd8de29e8"
          ],
          "failures": [],
          "pending": [],
          "skipped": [],
          "duration": 30940,
          "root": false,
          "rootEmpty": false,
          "_timeout": 2000
        }
      ],
      "passes": [],
      "failures": [],
      "pending": [],
      "skipped": [],
      "duration": 0,
      "root": true,
      "rootEmpty": true,
      "_timeout": 2000
    }
  ],
  "meta": {
    "mocha": {
      "version": "7.0.1"
    },
    "mochawesome": {
      "options": {
        "quiet": false,
        "reportFilename": "Saucedemo-report",
        "saveHtml": true,
        "saveJson": true,
        "consoleReporter": "spec",
        "useInlineDiffs": false,
        "code": true
      },
      "version": "7.1.3"
    },
    "marge": {
      "options": {
        "reportDir": "cypress/mochawesomeresults",
        "reportFilename": "Saucedemo-report",
        "reportPageTitle": "Cypress-Web-Saucedemo",
        "screenshotOnRunFailure": true,
        "overwrite": false,
        "html": true,
        "json": true
      },
      "version": "6.2.0"
    }
  }
}