{
  "stats": {
    "suites": 1,
    "tests": 1,
    "passes": 1,
    "pending": 0,
    "failures": 0,
    "start": "2023-11-09T09:46:07.402Z",
    "end": "2023-11-09T09:46:32.424Z",
    "duration": 25022,
    "testsRegistered": 1,
    "passPercent": 100,
    "pendingPercent": 0,
    "other": 0,
    "hasOther": false,
    "skipped": 0,
    "hasSkipped": false
  },
  "results": [
    {
      "uuid": "4d3a117f-e1ab-459a-840e-94f1d225c5cc",
      "title": "",
      "fullFile": "cypress\\e2e\\sorting.cy.js",
      "file": "cypress\\e2e\\sorting.cy.js",
      "beforeHooks": [],
      "afterHooks": [],
      "tests": [],
      "suites": [
        {
          "uuid": "b11a2fcd-0393-4b5b-875e-a4c1ce8f6361",
          "title": "Sorting in Home Page",
          "fullFile": "",
          "file": "",
          "beforeHooks": [],
          "afterHooks": [],
          "tests": [
            {
              "title": "Choose Price (low to high)",
              "fullTitle": "Sorting in Home Page Choose Price (low to high)",
              "timedOut": null,
              "duration": 24998,
              "state": "passed",
              "speed": "slow",
              "pass": true,
              "fail": false,
              "pending": false,
              "context": "[\n  \"assets/images/sorting.cy.js/Sorting in Home Page -- Choose Price (low to high).png\",\n  \"assets/videos/sorting.cy.js.mp4\"\n]",
              "code": "cy.xpath(\"//select[@class='product_sort_container']\").select(\"lohi\");\ncy.wait(3000);\ncy.xpath(\"//div[@class='inventory_list']//div[1]//div[2]//div[2]//div[1]\").should('have.text', \"$7.99\");\ncy.screenshot();\ncy.wait(5000);",
              "err": {},
              "uuid": "ba5c5d1a-6358-4840-95da-9a686140558c",
              "parentUUID": "b11a2fcd-0393-4b5b-875e-a4c1ce8f6361",
              "isHook": false,
              "skipped": false
            }
          ],
          "suites": [],
          "passes": [
            "ba5c5d1a-6358-4840-95da-9a686140558c"
          ],
          "failures": [],
          "pending": [],
          "skipped": [],
          "duration": 24998,
          "root": false,
          "rootEmpty": false,
          "_timeout": 2000
        }
      ],
      "passes": [],
      "failures": [],
      "pending": [],
      "skipped": [],
      "duration": 0,
      "root": true,
      "rootEmpty": true,
      "_timeout": 2000
    }
  ],
  "meta": {
    "mocha": {
      "version": "7.0.1"
    },
    "mochawesome": {
      "options": {
        "quiet": false,
        "reportFilename": "Saucedemo-report",
        "saveHtml": true,
        "saveJson": true,
        "consoleReporter": "spec",
        "useInlineDiffs": false,
        "code": true
      },
      "version": "7.1.3"
    },
    "marge": {
      "options": {
        "reportDir": "cypress/mochawesomeresults",
        "reportFilename": "Saucedemo-report",
        "reportPageTitle": "Cypress-Web-Saucedemo",
        "overwrite": false,
        "html": true,
        "json": true
      },
      "version": "6.2.0"
    }
  }
}