{
  "stats": {
    "suites": 1,
    "tests": 1,
    "passes": 1,
    "pending": 0,
    "failures": 0,
    "start": "2023-11-09T07:27:42.518Z",
    "end": "2023-11-09T07:28:07.055Z",
    "duration": 24537,
    "testsRegistered": 1,
    "passPercent": 100,
    "pendingPercent": 0,
    "other": 0,
    "hasOther": false,
    "skipped": 0,
    "hasSkipped": false
  },
  "results": [
    {
      "uuid": "5c0d2515-e8b5-4f10-8f5a-a94ce36e49a9",
      "title": "",
      "fullFile": "cypress\\e2e\\product_detail.cy.js",
      "file": "cypress\\e2e\\product_detail.cy.js",
      "beforeHooks": [],
      "afterHooks": [],
      "tests": [],
      "suites": [
        {
          "uuid": "d77e477f-79f4-459c-9372-620a92d581c9",
          "title": "Product Detail",
          "fullFile": "",
          "file": "",
          "beforeHooks": [],
          "afterHooks": [],
          "tests": [
            {
              "title": "Show Product Detail",
              "fullTitle": "Product Detail Show Product Detail",
              "timedOut": null,
              "duration": 24499,
              "state": "passed",
              "speed": "slow",
              "pass": true,
              "fail": false,
              "pending": false,
              "context": "\"assets/product_detail.cy.js/Product Detail -- Show Product Detail.png\"",
              "code": "cy.xpath(\"//div[normalize-space()='Sauce Labs Backpack']\").click();\ncy.wait(3000);\ncy.xpath(\"//div[@class='inventory_details_name large_size']\").should('have.text', \"Sauce Labs Backpack\");\ncy.screenshot();\ncy.wait(5000);",
              "err": {},
              "uuid": "ae56a5e1-be0f-4126-9d87-dfb6196514ac",
              "parentUUID": "d77e477f-79f4-459c-9372-620a92d581c9",
              "isHook": false,
              "skipped": false
            }
          ],
          "suites": [],
          "passes": [
            "ae56a5e1-be0f-4126-9d87-dfb6196514ac"
          ],
          "failures": [],
          "pending": [],
          "skipped": [],
          "duration": 24499,
          "root": false,
          "rootEmpty": false,
          "_timeout": 2000
        }
      ],
      "passes": [],
      "failures": [],
      "pending": [],
      "skipped": [],
      "duration": 0,
      "root": true,
      "rootEmpty": true,
      "_timeout": 2000
    }
  ],
  "meta": {
    "mocha": {
      "version": "7.0.1"
    },
    "mochawesome": {
      "options": {
        "quiet": false,
        "reportFilename": "Saucedemo-report",
        "saveHtml": true,
        "saveJson": true,
        "consoleReporter": "spec",
        "useInlineDiffs": false,
        "code": true
      },
      "version": "7.1.3"
    },
    "marge": {
      "options": {
        "reportDir": "cypress/mochawesomeresults",
        "reportFilename": "Saucedemo-report",
        "reportPageTitle": "Cypress-Web-Saucedemo",
        "overwrite": false,
        "html": true,
        "json": true
      },
      "version": "6.2.0"
    }
  }
}