{
  "stats": {
    "suites": 1,
    "tests": 1,
    "passes": 1,
    "pending": 0,
    "failures": 0,
    "start": "2023-11-08T08:21:54.167Z",
    "end": "2023-11-08T08:22:23.548Z",
    "duration": 29381,
    "testsRegistered": 1,
    "passPercent": 100,
    "pendingPercent": 0,
    "other": 0,
    "hasOther": false,
    "skipped": 0,
    "hasSkipped": false
  },
  "results": [
    {
      "uuid": "f0993169-2c63-434a-afcd-20f5890e8419",
      "title": "",
      "fullFile": "cypress\\e2e\\addtocart.cy.js",
      "file": "cypress\\e2e\\addtocart.cy.js",
      "beforeHooks": [],
      "afterHooks": [],
      "tests": [],
      "suites": [
        {
          "uuid": "c26d1f8d-f26b-47da-ac22-65a683440751",
          "title": "Add To Cart Product",
          "fullFile": "",
          "file": "",
          "beforeHooks": [],
          "afterHooks": [],
          "tests": [
            {
              "title": "Adding Product to Cart",
              "fullTitle": "Add To Cart Product Adding Product to Cart",
              "timedOut": null,
              "duration": 29319,
              "state": "passed",
              "speed": "slow",
              "pass": true,
              "fail": false,
              "pending": false,
              "context": null,
              "code": "cy.xpath(\"//button[@id='add-to-cart-sauce-labs-backpack']\").click();\ncy.wait(3000);\ncy.xpath(\"//a[@class='shopping_cart_link']\").click();\ncy.wait(3000);\ncy.xpath(\"//div[@class='inventory_item_name']\").should('have.text', \"Sauce Labs Backpack\");\ncy.screenshot();\ncy.wait(5000);",
              "err": {},
              "uuid": "ec71ddf5-2572-47b1-9783-116b16a95548",
              "parentUUID": "c26d1f8d-f26b-47da-ac22-65a683440751",
              "isHook": false,
              "skipped": false
            }
          ],
          "suites": [],
          "passes": [
            "ec71ddf5-2572-47b1-9783-116b16a95548"
          ],
          "failures": [],
          "pending": [],
          "skipped": [],
          "duration": 29319,
          "root": false,
          "rootEmpty": false,
          "_timeout": 2000
        }
      ],
      "passes": [],
      "failures": [],
      "pending": [],
      "skipped": [],
      "duration": 0,
      "root": true,
      "rootEmpty": true,
      "_timeout": 2000
    }
  ],
  "meta": {
    "mocha": {
      "version": "7.0.1"
    },
    "mochawesome": {
      "options": {
        "quiet": false,
        "reportFilename": "Saucedemo-report",
        "saveHtml": true,
        "saveJson": true,
        "consoleReporter": "spec",
        "useInlineDiffs": false,
        "code": true
      },
      "version": "7.1.3"
    },
    "marge": {
      "options": {
        "reportDir": "cypress/mochawesomeresults",
        "reportFilename": "Saucedemo-report",
        "reportPageTitle": "Cypress-Web-Saucedemo",
        "screenshotOnRunFailure": true,
        "overwrite": false,
        "html": true,
        "json": true
      },
      "version": "6.2.0"
    }
  }
}